c:\users\njewell5880\desktop\cudanbody\particlesystem\particlesystem\x64\debug\vc120.pdb
c:\users\njewell5880\desktop\cudanbody\particlesystem\particlesystem\x64\debug\vc120.idb
c:\users\njewell5880\desktop\cudanbody\particlesystem\particlesystem\x64\debug\particlerenderer.obj
c:\users\njewell5880\desktop\cudanbody\particlesystem\particlesystem\x64\debug\particlesystem.obj
c:\users\njewell5880\desktop\cudanbody\particlesystem\particlesystem\x64\debug\latlon.obj
c:\users\njewell5880\desktop\cudanbody\particlesystem\particlesystem\x64\debug\noisegen.obj
c:\users\njewell5880\desktop\cudanbody\particlesystem\particlesystem\x64\debug\kernel.cu.cache
c:\users\njewell5880\desktop\cudanbody\particlesystem\particlesystem\x64\debug\math.cu.cache
c:\users\njewell5880\desktop\cudanbody\particlesystem\particlesystem\x64\debug\kernel.cu.obj
c:\users\njewell5880\desktop\cudanbody\particlesystem\particlesystem\x64\debug\math.cu.obj
c:\users\njewell5880\desktop\cudanbody\particlesystem\x64\debug\particlesystem.pdb
c:\users\njewell5880\desktop\cudanbody\particlesystem\particlesystem\x64\debug\particlesystem.tlog\cl.command.1.tlog
c:\users\njewell5880\desktop\cudanbody\particlesystem\particlesystem\x64\debug\particlesystem.tlog\cl.read.1.tlog
c:\users\njewell5880\desktop\cudanbody\particlesystem\particlesystem\x64\debug\particlesystem.tlog\cl.write.1.tlog
c:\users\njewell5880\desktop\cudanbody\particlesystem\particlesystem\x64\debug\particlesystem.tlog\link-cvtres.read.1.tlog
c:\users\njewell5880\desktop\cudanbody\particlesystem\particlesystem\x64\debug\particlesystem.tlog\link-cvtres.write.1.tlog
c:\users\njewell5880\desktop\cudanbody\particlesystem\particlesystem\x64\debug\particlesystem.tlog\link-rc.read.1.tlog
c:\users\njewell5880\desktop\cudanbody\particlesystem\particlesystem\x64\debug\particlesystem.tlog\link-rc.write.1.tlog
c:\users\njewell5880\desktop\cudanbody\particlesystem\particlesystem\x64\debug\particlesystem.tlog\link.3904-cvtres.read.1.tlog
c:\users\njewell5880\desktop\cudanbody\particlesystem\particlesystem\x64\debug\particlesystem.tlog\link.3904-cvtres.write.1.tlog
c:\users\njewell5880\desktop\cudanbody\particlesystem\particlesystem\x64\debug\particlesystem.tlog\link.3904-rc.read.1.tlog
c:\users\njewell5880\desktop\cudanbody\particlesystem\particlesystem\x64\debug\particlesystem.tlog\link.3904-rc.write.1.tlog
c:\users\njewell5880\desktop\cudanbody\particlesystem\particlesystem\x64\debug\particlesystem.tlog\link.3904.read.1.tlog
c:\users\njewell5880\desktop\cudanbody\particlesystem\particlesystem\x64\debug\particlesystem.tlog\link.3904.write.1.tlog
c:\users\njewell5880\desktop\cudanbody\particlesystem\particlesystem\x64\debug\particlesystem.tlog\link.command.1.tlog
c:\users\njewell5880\desktop\cudanbody\particlesystem\particlesystem\x64\debug\particlesystem.tlog\link.read.1.tlog
c:\users\njewell5880\desktop\cudanbody\particlesystem\particlesystem\x64\debug\particlesystem.tlog\link.write.1.tlog
