Build started 5/10/2016 1:39:00 PM.
     1>Project "C:\Users\njewell5880\Desktop\CudaNBody\ParticleSystem\ParticleSystem\ParticleSystem.vcxproj" on node 2 (Build target(s)).
     1>AddCudaCompileDeps:
         C:\Program Files (x86)\Microsoft Visual Studio 12.0\VC\bin\x86_amd64\cl.exe /E /nologo /showIncludes /TP /D__CUDACC__ /DWIN32 /DWIN64 /D_DEBUG /D_CONSOLE /D_MBCS /IC:\Users\Nathan\Desktop\CudaNBody\ParticleSystem\ParticleSystem\inc /IC:\Users\njewell5880\Desktop\CudaNBody\ParticleSystem\ParticleSystem\inc /IC:\Users\Nathan\Desktop\CudaNBody\ParticleSystem\ParticleSystem\inc /I"C:\Program Files\NVIDIA GPU Computing Toolkit\CUDA\v7.5\include" /IC:\Users\njewell5880\Desktop\CudaNBody\ParticleSystem\ParticleSystem\inc /I"C:\Program Files\NVIDIA GPU Computing Toolkit\CUDA\v7.5\bin" /I"C:\Program Files\NVIDIA GPU Computing Toolkit\CUDA\v7.5\include" /I. /FIcuda_runtime.h /c C:\Users\njewell5880\Desktop\CudaNBody\ParticleSystem\ParticleSystem\math.cu 
       CudaBuild:
         Compiling CUDA source file math.cu...
         cmd.exe /C "C:\Users\njewell5880\AppData\Local\Temp\tmp147f442822f7450bbc45aa062297c432.cmd"
         "C:\Program Files\NVIDIA GPU Computing Toolkit\CUDA\v7.5\bin\nvcc.exe" -gencode=arch=compute_20,code=\"sm_20,compute_20\" --use-local-env --cl-version 2013 -ccbin "C:\Program Files (x86)\Microsoft Visual Studio 12.0\VC\bin\x86_amd64"  -IC:\Users\Nathan\Desktop\CudaNBody\ParticleSystem\ParticleSystem\inc -IC:\Users\njewell5880\Desktop\CudaNBody\ParticleSystem\ParticleSystem\inc -IC:\Users\Nathan\Desktop\CudaNBody\ParticleSystem\ParticleSystem\inc -I"C:\Program Files\NVIDIA GPU Computing Toolkit\CUDA\v7.5\include" -IC:\Users\njewell5880\Desktop\CudaNBody\ParticleSystem\ParticleSystem\inc -I"C:\Program Files\NVIDIA GPU Computing Toolkit\CUDA\v7.5\include"  -G   --keep-dir x64\Debug -maxrregcount=0  --machine 64 --compile -cudart static  -g   -DWIN32 -DWIN64 -D_DEBUG -D_CONSOLE -D_MBCS -Xcompiler "/EHsc /W3 /nologo /Od /Zi /RTC1 /MDd " -o x64\Debug\math.cu.obj "C:\Users\njewell5880\Desktop\CudaNBody\ParticleSystem\ParticleSystem\math.cu"
         
         C:\Users\njewell5880\Desktop\CudaNBody\ParticleSystem\ParticleSystem>"C:\Program Files\NVIDIA GPU Computing Toolkit\CUDA\v7.5\bin\nvcc.exe" -gencode=arch=compute_20,code=\"sm_20,compute_20\" --use-local-env --cl-version 2013 -ccbin "C:\Program Files (x86)\Microsoft Visual Studio 12.0\VC\bin\x86_amd64"  -IC:\Users\Nathan\Desktop\CudaNBody\ParticleSystem\ParticleSystem\inc -IC:\Users\njewell5880\Desktop\CudaNBody\ParticleSystem\ParticleSystem\inc -IC:\Users\Nathan\Desktop\CudaNBody\ParticleSystem\ParticleSystem\inc -I"C:\Program Files\NVIDIA GPU Computing Toolkit\CUDA\v7.5\include" -IC:\Users\njewell5880\Desktop\CudaNBody\ParticleSystem\ParticleSystem\inc -I"C:\Program Files\NVIDIA GPU Computing Toolkit\CUDA\v7.5\include"  -G   --keep-dir x64\Debug -maxrregcount=0  --machine 64 --compile -cudart static  -g   -DWIN32 -DWIN64 -D_DEBUG -D_CONSOLE -D_MBCS -Xcompiler "/EHsc /W3 /nologo /Od /Zi /RTC1 /MDd " -o x64\Debug\math.cu.obj "C:\Users\njewell5880\Desktop\CudaNBody\ParticleSystem\ParticleSystem\math.cu" 
         math.cu
       Link:
         C:\Program Files (x86)\Microsoft Visual Studio 12.0\VC\bin\x86_amd64\link.exe /ERRORREPORT:PROMPT /OUT:"C:\Users\njewell5880\Desktop\CudaNBody\ParticleSystem\x64\Debug\ParticleSystem.exe" /INCREMENTAL /NOLOGO /LIBPATH:C:\Users\Nathan\Desktop\CudaNBody\ParticleSystem\ParticleSystem\lib\x64 /LIBPATH:"C:\Program Files\NVIDIA GPU Computing Toolkit\CUDA\v7.5\lib\x64" /LIBPATH:C:\Users\njewell5880\Desktop\CudaNBody\ParticleSystem\ParticleSystem\lib\x64 cudart.lib kernel32.lib user32.lib gdi32.lib winspool.lib comdlg32.lib advapi32.lib shell32.lib ole32.lib oleaut32.lib uuid.lib odbc32.lib odbccp32.lib kernel32.lib user32.lib gdi32.lib winspool.lib comdlg32.lib advapi32.lib shell32.lib ole32.lib oleaut32.lib uuid.lib odbc32.lib odbccp32.lib /MANIFEST /MANIFESTUAC:"level='asInvoker' uiAccess='false'" /manifest:embed /DEBUG /PDB:"C:\Users\njewell5880\Desktop\CudaNBody\ParticleSystem\x64\Debug\ParticleSystem.pdb" /SUBSYSTEM:CONSOLE /TLBID:1 /DYNAMICBASE /NXCOMPAT /IMPLIB:"C:\Users\njewell5880\Desktop\CudaNBody\ParticleSystem\x64\Debug\ParticleSystem.lib" /MACHINE:X64 x64\Debug\kernel.cu.obj
         x64\Debug\math.cu.obj
         x64\Debug\ParticleRenderer.obj
         x64\Debug\ParticleSystem.obj
         lib\x64\freeglut.lib
         lib\x64\glew64.lib
         ParticleSystem.vcxproj -> C:\Users\njewell5880\Desktop\CudaNBody\ParticleSystem\x64\Debug\ParticleSystem.exe
       PostBuildEvent:
         echo copy "C:\Program Files\NVIDIA GPU Computing Toolkit\CUDA\v7.5\bin\cudart*.dll" "C:\Users\njewell5880\Desktop\CudaNBody\ParticleSystem\x64\Debug\"
         copy "C:\Program Files\NVIDIA GPU Computing Toolkit\CUDA\v7.5\bin\cudart*.dll" "C:\Users\njewell5880\Desktop\CudaNBody\ParticleSystem\x64\Debug\"
         :VCEnd
         copy "C:\Program Files\NVIDIA GPU Computing Toolkit\CUDA\v7.5\bin\cudart*.dll" "C:\Users\njewell5880\Desktop\CudaNBody\ParticleSystem\x64\Debug\"
         C:\Program Files\NVIDIA GPU Computing Toolkit\CUDA\v7.5\bin\cudart32_75.dll
         C:\Program Files\NVIDIA GPU Computing Toolkit\CUDA\v7.5\bin\cudart64_75.dll
                 2 file(s) copied.
     1>Done Building Project "C:\Users\njewell5880\Desktop\CudaNBody\ParticleSystem\ParticleSystem\ParticleSystem.vcxproj" (Build target(s)).

Build succeeded.

Time Elapsed 00:00:04.00
